<?xml version="1.0" encoding="UTF-8"?>
<!-- Generated by org.testng.reporters.JUnitXMLReporter -->
<testsuite ignored="0" hostname="Rico" failures="0" tests="4" name="Default test" time="39.442" errors="0" timestamp="2022-01-17T15:22:22 WIB">
  <testcase classname="TsuitesPP.RegressionPP" name="login" time="4.466"/>
  <testcase classname="TsuitesPP.RegressionPP" name="searchAgenda" time="11.672"/>
  <testcase classname="TsuitesPP.RegressionPP" name="searchAksi" time="13.355"/>
  <testcase classname="TsuitesPP.RegressionPP" name="register" time="5.19"/>
</testsuite> <!-- Default test -->
